[debug] > Exec(;reload; set _root_.org.jetbrains.sbt.StructureKeys.sbtStructureOptions in Global := "download resolveClassifiers resolveSbtClassifiers" ;preferScala2;*/*:dumpStructureTo C:/Users/Administrator/AppData/Local/Temp/sbt-structure.xml; session clear-all ; set ideaPort in Global := 53762, None, None)
[debug] > Exec(reload, None, None)
[debug] > Exec(sbtStashOnFailure, None, None)
[debug] > Exec(onFailure loadFailed, None, None)
[debug] > Exec(loadp, None, None)
[info] welcome to sbt 1.8.0 (Oracle Corporation Java 17.0.5)
[debug]       Load.loadUnit: plugins took 24.2394ms
[debug]       Load.loadUnit: defsScala took 0.0031ms
[debug] [Loading] Scanning directory C:\Users\Administrator\.sbt\1.0\plugins
[debug] [Loading] Found non-root projects 
[debug] [Loading] Done in C:\Users\Administrator\.sbt\1.0\plugins, returning: ()
[debug] deducing auto plugins based on known facts Set(Atom(sbt.plugins.CorePlugin)) and clauses Clauses(Clause(Atom(sbt.plugins.JvmPlugin),Set(Atom(sbt.plugins.IvyPlugin)))
[debug] Clause(Atom(sbt.ScriptedPlugin),Set(Atom(sbt.plugins.JvmPlugin)))
[debug] Clause(Atom(sbt.plugins.SbtPlugin),Set(Atom(sbt.ScriptedPlugin)))
[debug] Clause(Atom(sbt.plugins.SemanticdbPlugin),Set(Atom(sbt.plugins.JvmPlugin)))
[debug] Clause(Atom(sbt.plugins.JUnitXmlReportPlugin),Set(Atom(sbt.plugins.JvmPlugin)))
[debug] Clause(Atom(sbt.plugins.MiniDependencyTreePlugin),Set(Atom(sbt.plugins.JvmPlugin)))
[debug] Clause(Atom(sbt.plugins.CorePlugin),Set(Atom(sbt.plugins.IvyPlugin)))
[debug] Clause(Atom(sbt.plugins.IvyPlugin),Set(Atom(sbt.plugins.JvmPlugin)))
[debug] Clause(Atom(sbt.plugins.JvmPlugin),Set(Atom(sbt.plugins.SemanticdbPlugin)))
[debug] Clause(Atom(sbt.plugins.JvmPlugin),Set(Atom(sbt.plugins.JUnitXmlReportPlugin)))
[debug] Clause(Atom(sbt.plugins.CorePlugin),Set(Atom(sbt.plugins.Giter8TemplatePlugin)))
[debug] Clause(Atom(sbt.plugins.JvmPlugin),Set(Atom(sbt.plugins.MiniDependencyTreePlugin))))
[debug]   :: deduced result: Matched(sbt.plugins.CorePlugin,sbt.plugins.Giter8TemplatePlugin,sbt.plugins.IvyPlugin,sbt.plugins.JvmPlugin,sbt.plugins.MiniDependencyTreePlugin,sbt.plugins.JUnitXmlReportPlugin,sbt.plugins.SemanticdbPlugin)
[debug] Plugins.deducer#function took 2.4075 ms
[debug]           Load.resolveProject(global-plugins) took 0.6746ms
[debug]         Load.loadTransitive: finalizeProject(Project(id global-plugins, base: C:\Users\Administrator\.sbt\1.0\plugins, plugins: List(<none>))) took 3.4881ms
[debug] [Loading] Done in C:\Users\Administrator\.sbt\1.0\plugins, returning: (global-plugins)
[debug]       Load.loadUnit: loadedProjectsRaw took 4.6647ms
[debug]       Load.loadUnit: cleanEvalClasses took 0.0066ms
[debug]     Load.loadUnit(file:/C:/Users/Administrator/.sbt/1.0/plugins/, ...) took 29.8099ms
[debug]   Load.apply: load took 30.7377ms
[debug]   Load.apply: resolveProjects took 0.0637ms
[debug]   Load.apply: finalTransforms took 3.1401ms
[debug]   Load.apply: config.delegates took 0.1895ms
[debug]   Load.apply: Def.make(settings)... took 24.7689ms
[debug]   Load.apply: structureIndex took 10.3647ms
[debug]   Load.apply: mkStreams took 0.0027ms
[info] loading global plugins from C:\Users\Administrator\.sbt\1.0\plugins
[debug] Running task... Cancel: Signal, check cycles: false, forcegc: true
[debug] Load.defaultLoad until apply took 296.9135ms
[debug]           Load.loadUnit: plugins took 25.2963ms
[debug]           Load.loadUnit: defsScala took 0.0032ms
[debug] [Loading] Scanning directory C:\Users\Administrator\Desktop\spinalhdl_coding\untitled2\project
[debug]             Load.loadUnit: mkEval took 0.3022ms
[debug] [Loading] Found non-root projects 
[debug] [Loading] Done in C:\Users\Administrator\Desktop\spinalhdl_coding\untitled2\project, returning: ()
[debug] deducing auto plugins based on known facts Set(Atom(sbt.plugins.CorePlugin)) and clauses Clauses(Clause(Atom(sbt.plugins.JvmPlugin),Set(Atom(sbt.plugins.IvyPlugin)))
[debug] Clause(Atom(sbt.ScriptedPlugin),Set(Atom(sbt.plugins.JvmPlugin)))
[debug] Clause(Atom(sbt.plugins.SbtPlugin),Set(Atom(sbt.ScriptedPlugin)))
[debug] Clause(Atom(sbt.plugins.SemanticdbPlugin),Set(Atom(sbt.plugins.JvmPlugin)))
[debug] Clause(Atom(sbt.plugins.JUnitXmlReportPlugin),Set(Atom(sbt.plugins.JvmPlugin)))
[debug] Clause(Atom(sbt.plugins.MiniDependencyTreePlugin),Set(Atom(sbt.plugins.JvmPlugin)))
[debug] Clause(Atom(sbt.plugins.CorePlugin),Set(Atom(sbt.plugins.IvyPlugin)))
[debug] Clause(Atom(sbt.plugins.IvyPlugin),Set(Atom(sbt.plugins.JvmPlugin)))
[debug] Clause(Atom(sbt.plugins.JvmPlugin),Set(Atom(sbt.plugins.SemanticdbPlugin)))
[debug] Clause(Atom(sbt.plugins.JvmPlugin),Set(Atom(sbt.plugins.JUnitXmlReportPlugin)))
[debug] Clause(Atom(sbt.plugins.CorePlugin),Set(Atom(sbt.plugins.Giter8TemplatePlugin)))
[debug] Clause(Atom(sbt.plugins.JvmPlugin),Set(Atom(sbt.plugins.MiniDependencyTreePlugin))))
[debug]   :: deduced result: Matched(sbt.plugins.CorePlugin,sbt.plugins.Giter8TemplatePlugin,sbt.plugins.IvyPlugin,sbt.plugins.JvmPlugin,sbt.plugins.MiniDependencyTreePlugin,sbt.plugins.JUnitXmlReportPlugin,sbt.plugins.SemanticdbPlugin)
[debug] Plugins.deducer#function took 1.6689 ms
[info] loading settings for project untitled2-build from idea1.sbt ...
[debug]               Load.resolveProject(untitled2-build) took 0.9589ms
[debug]             Load.loadTransitive: finalizeProject(Project(id untitled2-build, base: C:\Users\Administrator\Desktop\spinalhdl_coding\untitled2\project, plugins: List(<none>))) took 2.9738ms
[debug] [Loading] Done in C:\Users\Administrator\Desktop\spinalhdl_coding\untitled2\project, returning: (untitled2-build)
[debug]           Load.loadUnit: loadedProjectsRaw took 20.7415ms
[debug]           Load.loadUnit: cleanEvalClasses took 2.9622ms
[debug]         Load.loadUnit(file:/C:/Users/Administrator/Desktop/spinalhdl_coding/untitled2/project/, ...) took 49.9859ms
[debug]       Load.apply: load took 50.988ms
[debug]       Load.apply: resolveProjects took 0.0596ms
[debug]       Load.apply: finalTransforms took 3.774ms
[debug]       Load.apply: config.delegates took 0.1591ms
[debug]       Load.apply: Def.make(settings)... took 26.8809ms
[debug]       Load.apply: structureIndex took 9.5388ms
[debug]       Load.apply: mkStreams took 0.0022ms
[info] loading project definition from C:\Users\Administrator\Desktop\spinalhdl_coding\untitled2\project
[debug] Running task... Cancel: Signal, check cycles: false, forcegc: true
[debug]     Load.loadUnit: plugins took 188.1216ms
[debug]     Load.loadUnit: defsScala took 0.0025ms
[debug] [Loading] Scanning directory C:\Users\Administrator\Desktop\spinalhdl_coding\untitled2
[debug]       Load.loadUnit: mkEval took 0.3084ms
[debug] [Loading] Found root project mylib w/ remaining 
[debug] deducing auto plugins based on known facts Set(Atom(sbt.plugins.CorePlugin)) and clauses Clauses(Clause(Atom(sbt.plugins.JvmPlugin),Set(Atom(sbt.plugins.IvyPlugin)))
[debug] Clause(Atom(sbt.ScriptedPlugin),Set(Atom(sbt.plugins.JvmPlugin)))
[debug] Clause(Atom(sbt.plugins.SbtPlugin),Set(Atom(sbt.ScriptedPlugin)))
[debug] Clause(Atom(sbt.plugins.SemanticdbPlugin),Set(Atom(sbt.plugins.JvmPlugin)))
[debug] Clause(Atom(sbt.plugins.JUnitXmlReportPlugin),Set(Atom(sbt.plugins.JvmPlugin)))
[debug] Clause(Atom(sbt.plugins.MiniDependencyTreePlugin),Set(Atom(sbt.plugins.JvmPlugin)))
[debug] Clause(Atom(org.jetbrains.sbt.StructurePlugin),Set(Atom(sbt.plugins.JvmPlugin)))
[debug] Clause(Atom(org.jetbrains.sbt.IdeaShellPlugin),Set(Atom(sbt.plugins.JvmPlugin)))
[debug] Clause(Atom(org.jetbrains.sbt.indices.SbtIntellijIndicesPlugin),Set(Atom(sbt.plugins.JvmPlugin)))
[debug] Clause(Atom(sbt.plugins.CorePlugin),Set(Atom(sbt.plugins.IvyPlugin)))
[debug] Clause(Atom(sbt.plugins.IvyPlugin),Set(Atom(sbt.plugins.JvmPlugin)))
[debug] Clause(Atom(sbt.plugins.JvmPlugin),Set(Atom(sbt.plugins.SemanticdbPlugin)))
[debug] Clause(Atom(sbt.plugins.JvmPlugin),Set(Atom(sbt.plugins.JUnitXmlReportPlugin)))
[debug] Clause(Atom(sbt.plugins.CorePlugin),Set(Atom(sbt.plugins.Giter8TemplatePlugin)))
[debug] Clause(Atom(sbt.plugins.JvmPlugin),Set(Atom(sbt.plugins.MiniDependencyTreePlugin)))
[debug] Clause(Atom(sbt.plugins.JvmPlugin),Set(Atom(org.jetbrains.sbt.StructurePlugin)))
[debug] Clause(Atom(sbt.plugins.JvmPlugin),Set(Atom(org.jetbrains.sbt.IdeaShellPlugin)))
[debug] Clause(And(Set(Atom(sbt.plugins.CorePlugin), Atom(sbt.plugins.JvmPlugin))),Set(Atom(org.jetbrains.sbt.indices.SbtIntellijIndicesPlugin))))
[debug]   :: deduced result: Matched(sbt.plugins.CorePlugin,sbt.plugins.Giter8TemplatePlugin,sbt.plugins.IvyPlugin,sbt.plugins.JvmPlugin,sbt.plugins.SemanticdbPlugin,org.jetbrains.sbt.indices.SbtIntellijIndicesPlugin,sbt.plugins.JUnitXmlReportPlugin,org.jetbrains.sbt.IdeaShellPlugin,org.jetbrains.sbt.StructurePlugin,sbt.plugins.MiniDependencyTreePlugin)
[debug] Plugins.deducer#function took 2.1039 ms
[info] loading settings for project mylib from build.sbt ...
[debug]         Load.resolveProject(mylib) took 16.1296ms
[debug]       Load.loadTransitive: finalizeProject(Project(id mylib, base: C:\Users\Administrator\Desktop\spinalhdl_coding\untitled2, plugins: List(<none>))) took 18.8072ms
[debug] [Loading] Done in C:\Users\Administrator\Desktop\spinalhdl_coding\untitled2, returning: (mylib)
[debug]     Load.loadUnit: loadedProjectsRaw took 76.6524ms
[debug]     Load.loadUnit: cleanEvalClasses took 14.0355ms
[debug]   Load.loadUnit(file:/C:/Users/Administrator/Desktop/spinalhdl_coding/untitled2/, ...) took 279.6484ms
[debug] Load.apply: load took 280.7764ms
[debug] Load.apply: resolveProjects took 0.0609ms
[debug] Load.apply: finalTransforms took 8.2546ms
[debug] Load.apply: config.delegates took 0.2482ms
[debug] Load.apply: Def.make(settings)... took 39.9006ms
[debug] Load.apply: structureIndex took 9.4833ms
[debug] Load.apply: mkStreams took 0.0021ms
[warn] Discarding 1 session setting.  Use 'session save' to persist session settings.
[info] set current project to SpinalTemplateSbt (in build file:/C:/Users/Administrator/Desktop/spinalhdl_coding/untitled2/)
[debug] > Exec(sbtPopOnFailure, None, None)
[debug] > Exec(resumeFromFailure, None, None)
[debug] > Exec(set _root_.org.jetbrains.sbt.StructureKeys.sbtStructureOptions in Global := "download resolveClassifiers resolveSbtClassifiers", None, None)
[info] Defining Global / sbtStructureOptions
[info] The new value will be used by Global / ssOptions
[debug] Defining 
[debug] 	Global / sbtStructureOptions
[debug] 
[debug] The new value will be used by 
[debug] 	Global / ssOptions
[info] Reapplying settings...
[info] set current project to SpinalTemplateSbt (in build file:/C:/Users/Administrator/Desktop/spinalhdl_coding/untitled2/)
[debug] > Exec(preferScala2, None, None)
[debug] > Exec(*/*:dumpStructureTo C:/Users/Administrator/AppData/Local/Temp/sbt-structure.xml, None, None)
[debug] Evaluating tasks: Global / dumpStructureTo
[warn] sbt 0.13 shell syntax is deprecated; use slash syntax instead: Global / dumpStructureTo
[debug] Running task... Cancel: Signal, check cycles: false, forcegc: true
[warn] Unrecognized repository Scala Plugin Bundled Repository, ignoring it
[warn] Unrecognized repository Scala Plugin Bundled Repository, ignoring it
[warn] 
[warn] 	Note: Unresolved dependencies path:
[warn] Unrecognized repository Scala Plugin Bundled Repository, ignoring it
[error] sbt.librarymanagement.ResolveException: Error downloading com.github.spinalhdl:spinalhdl-core_2.12:1.7.2
[error]   Not found
[error]   Not found
[error]   not found: C:\Users\Administrator\.ivy2\localcom.github.spinalhdl\spinalhdl-core_2.12\1.7.2\ivys\ivy.xml
[error]   download error: Caught javax.net.ssl.SSLHandshakeException (PKIX path building failed: sun.security.provider.certpath.SunCertPathBuilderException: unable to find valid certification path to requested target) while downloading https://repo1.maven.org/maven2/com/github/spinalhdl/spinalhdl-core_2.12/1.7.2/spinalhdl-core_2.12-1.7.2.pom
[error] Error downloading com.github.spinalhdl:spinalhdl-lib_2.12:1.7.2
[error]   Not found
[error]   Not found
[error]   not found: C:\Users\Administrator\.ivy2\localcom.github.spinalhdl\spinalhdl-lib_2.12\1.7.2\ivys\ivy.xml
[error]   download error: Caught javax.net.ssl.SSLHandshakeException (PKIX path building failed: sun.security.provider.certpath.SunCertPathBuilderException: unable to find valid certification path to requested target) while downloading https://repo1.maven.org/maven2/com/github/spinalhdl/spinalhdl-lib_2.12/1.7.2/spinalhdl-lib_2.12-1.7.2.pom
[error] 	at lmcoursier.CoursierDependencyResolution.unresolvedWarningOrThrow(CoursierDependencyResolution.scala:344)
[error] 	at lmcoursier.CoursierDependencyResolution.$anonfun$update$38(CoursierDependencyResolution.scala:313)
[error] 	at scala.util.Either$LeftProjection.map(Either.scala:573)
[error] 	at lmcoursier.CoursierDependencyResolution.update(CoursierDependencyResolution.scala:313)
[error] 	at sbt.librarymanagement.DependencyResolution.update(DependencyResolution.scala:60)
[error] 	at sbt.internal.LibraryManagement$.resolve$1(LibraryManagement.scala:59)
[error] 	at sbt.internal.LibraryManagement$.$anonfun$cachedUpdate$12(LibraryManagement.scala:133)
[error] 	at sbt.util.Tracked$.$anonfun$lastOutput$1(Tracked.scala:73)
[error] 	at sbt.internal.LibraryManagement$.$anonfun$cachedUpdate$20(LibraryManagement.scala:146)
[error] 	at scala.util.control.Exception$Catch.apply(Exception.scala:228)
[error] 	at sbt.internal.LibraryManagement$.$anonfun$cachedUpdate$11(LibraryManagement.scala:146)
[error] 	at sbt.internal.LibraryManagement$.$anonfun$cachedUpdate$11$adapted(LibraryManagement.scala:127)
[error] 	at sbt.util.Tracked$.$anonfun$inputChangedW$1(Tracked.scala:219)
[error] 	at sbt.internal.LibraryManagement$.cachedUpdate(LibraryManagement.scala:160)
[error] 	at sbt.Classpaths$.$anonfun$updateTask0$1(Defaults.scala:3687)
[error] 	at scala.Function1.$anonfun$compose$1(Function1.scala:49)
[error] 	at sbt.internal.util.$tilde$greater.$anonfun$$u2219$1(TypeFunctions.scala:62)
[error] 	at sbt.std.Transform$$anon$4.work(Transform.scala:68)
[error] 	at sbt.Execute.$anonfun$submit$2(Execute.scala:282)
[error] 	at sbt.internal.util.ErrorHandling$.wideConvert(ErrorHandling.scala:23)
[error] 	at sbt.Execute.work(Execute.scala:291)
[error] 	at sbt.Execute.$anonfun$submit$1(Execute.scala:282)
[error] 	at sbt.ConcurrentRestrictions$$anon$4.$anonfun$submitValid$1(ConcurrentRestrictions.scala:265)
[error] 	at sbt.CompletionService$$anon$2.call(CompletionService.scala:64)
[error] 	at java.base/java.util.concurrent.FutureTask.run(FutureTask.java:264)
[error] 	at java.base/java.util.concurrent.Executors$RunnableAdapter.call(Executors.java:539)
[error] 	at java.base/java.util.concurrent.FutureTask.run(FutureTask.java:264)
[error] 	at java.base/java.util.concurrent.ThreadPoolExecutor.runWorker(ThreadPoolExecutor.java:1136)
[error] 	at java.base/java.util.concurrent.ThreadPoolExecutor$Worker.run(ThreadPoolExecutor.java:635)
[error] 	at java.base/java.lang.Thread.run(Thread.java:833)
[error] sbt.librarymanagement.ResolveException: Error downloading com.github.spinalhdl:spinalhdl-core_2.12:1.7.2
[error]   Not found
[error]   Not found
[error]   not found: C:\Users\Administrator\.ivy2\localcom.github.spinalhdl\spinalhdl-core_2.12\1.7.2\ivys\ivy.xml
[error]   download error: Caught javax.net.ssl.SSLHandshakeException (PKIX path building failed: sun.security.provider.certpath.SunCertPathBuilderException: unable to find valid certification path to requested target) while downloading https://repo1.maven.org/maven2/com/github/spinalhdl/spinalhdl-core_2.12/1.7.2/spinalhdl-core_2.12-1.7.2.pom
[error] Error downloading com.github.spinalhdl:spinalhdl-lib_2.12:1.7.2
[error]   Not found
[error]   Not found
[error]   not found: C:\Users\Administrator\.ivy2\localcom.github.spinalhdl\spinalhdl-lib_2.12\1.7.2\ivys\ivy.xml
[error]   download error: Caught javax.net.ssl.SSLHandshakeException (PKIX path building failed: sun.security.provider.certpath.SunCertPathBuilderException: unable to find valid certification path to requested target) while downloading https://repo1.maven.org/maven2/com/github/spinalhdl/spinalhdl-lib_2.12/1.7.2/spinalhdl-lib_2.12-1.7.2.pom
[error] 	at lmcoursier.CoursierDependencyResolution.unresolvedWarningOrThrow(CoursierDependencyResolution.scala:344)
[error] 	at lmcoursier.CoursierDependencyResolution.$anonfun$update$38(CoursierDependencyResolution.scala:313)
[error] 	at scala.util.Either$LeftProjection.map(Either.scala:573)
[error] 	at lmcoursier.CoursierDependencyResolution.update(CoursierDependencyResolution.scala:313)
[error] 	at sbt.librarymanagement.DependencyResolution.update(DependencyResolution.scala:60)
[error] 	at sbt.internal.LibraryManagement$.resolve$1(LibraryManagement.scala:59)
[error] 	at sbt.internal.LibraryManagement$.$anonfun$cachedUpdate$12(LibraryManagement.scala:133)
[error] 	at sbt.util.Tracked$.$anonfun$lastOutput$1(Tracked.scala:73)
[error] 	at sbt.internal.LibraryManagement$.$anonfun$cachedUpdate$20(LibraryManagement.scala:146)
[error] 	at scala.util.control.Exception$Catch.apply(Exception.scala:228)
[error] 	at sbt.internal.LibraryManagement$.$anonfun$cachedUpdate$11(LibraryManagement.scala:146)
[error] 	at sbt.internal.LibraryManagement$.$anonfun$cachedUpdate$11$adapted(LibraryManagement.scala:127)
[error] 	at sbt.util.Tracked$.$anonfun$inputChangedW$1(Tracked.scala:219)
[error] 	at sbt.internal.LibraryManagement$.cachedUpdate(LibraryManagement.scala:160)
[error] 	at sbt.Classpaths$.$anonfun$updateTask0$1(Defaults.scala:3687)
[error] 	at scala.Function1.$anonfun$compose$1(Function1.scala:49)
[error] 	at sbt.internal.util.$tilde$greater.$anonfun$$u2219$1(TypeFunctions.scala:62)
[error] 	at sbt.std.Transform$$anon$4.work(Transform.scala:68)
[error] 	at sbt.Execute.$anonfun$submit$2(Execute.scala:282)
[error] 	at sbt.internal.util.ErrorHandling$.wideConvert(ErrorHandling.scala:23)
[error] 	at sbt.Execute.work(Execute.scala:291)
[error] 	at sbt.Execute.$anonfun$submit$1(Execute.scala:282)
[error] 	at sbt.ConcurrentRestrictions$$anon$4.$anonfun$submitValid$1(ConcurrentRestrictions.scala:265)
[error] 	at sbt.CompletionService$$anon$2.call(CompletionService.scala:64)
[error] 	at java.base/java.util.concurrent.FutureTask.run(FutureTask.java:264)
[error] 	at java.base/java.util.concurrent.Executors$RunnableAdapter.call(Executors.java:539)
[error] 	at java.base/java.util.concurrent.FutureTask.run(FutureTask.java:264)
[error] 	at java.base/java.util.concurrent.ThreadPoolExecutor.runWorker(ThreadPoolExecutor.java:1136)
[error] 	at java.base/java.util.concurrent.ThreadPoolExecutor$Worker.run(ThreadPoolExecutor.java:635)
[error] 	at java.base/java.lang.Thread.run(Thread.java:833)
[error] (update) sbt.librarymanagement.ResolveException: Error downloading com.github.spinalhdl:spinalhdl-core_2.12:1.7.2
[error]   Not found
[error]   Not found
[error]   not found: C:\Users\Administrator\.ivy2\localcom.github.spinalhdl\spinalhdl-core_2.12\1.7.2\ivys\ivy.xml
[error]   download error: Caught javax.net.ssl.SSLHandshakeException (PKIX path building failed: sun.security.provider.certpath.SunCertPathBuilderException: unable to find valid certification path to requested target) while downloading https://repo1.maven.org/maven2/com/github/spinalhdl/spinalhdl-core_2.12/1.7.2/spinalhdl-core_2.12-1.7.2.pom
[error] Error downloading com.github.spinalhdl:spinalhdl-lib_2.12:1.7.2
[error]   Not found
[error]   Not found
[error]   not found: C:\Users\Administrator\.ivy2\localcom.github.spinalhdl\spinalhdl-lib_2.12\1.7.2\ivys\ivy.xml
[error]   download error: Caught javax.net.ssl.SSLHandshakeException (PKIX path building failed: sun.security.provider.certpath.SunCertPathBuilderException: unable to find valid certification path to requested target) while downloading https://repo1.maven.org/maven2/com/github/spinalhdl/spinalhdl-lib_2.12/1.7.2/spinalhdl-lib_2.12-1.7.2.pom
[error] (ssExtractDependencies) sbt.librarymanagement.ResolveException: Error downloading com.github.spinalhdl:spinalhdl-core_2.12:1.7.2
[error]   Not found
[error]   Not found
[error]   not found: C:\Users\Administrator\.ivy2\localcom.github.spinalhdl\spinalhdl-core_2.12\1.7.2\ivys\ivy.xml
[error]   download error: Caught javax.net.ssl.SSLHandshakeException (PKIX path building failed: sun.security.provider.certpath.SunCertPathBuilderException: unable to find valid certification path to requested target) while downloading https://repo1.maven.org/maven2/com/github/spinalhdl/spinalhdl-core_2.12/1.7.2/spinalhdl-core_2.12-1.7.2.pom
[error] Error downloading com.github.spinalhdl:spinalhdl-lib_2.12:1.7.2
[error]   Not found
[error]   Not found
[error]   not found: C:\Users\Administrator\.ivy2\localcom.github.spinalhdl\spinalhdl-lib_2.12\1.7.2\ivys\ivy.xml
[error]   download error: Caught javax.net.ssl.SSLHandshakeException (PKIX path building failed: sun.security.provider.certpath.SunCertPathBuilderException: unable to find valid certification path to requested target) while downloading https://repo1.maven.org/maven2/com/github/spinalhdl/spinalhdl-lib_2.12/1.7.2/spinalhdl-lib_2.12-1.7.2.pom
[error] Total time: 2 s, completed 2022年11月25日 下午2:31:06
[debug] > Exec(idea-shell, None, None)
[debug] > Exec(, None, None)
[debug] > Exec(idea-shell, None, None)
